<?xml version="1.0" encoding="UTF-8"?>
<!-- Generated by org.testng.reporters.JUnitReportReporter -->
<testsuite hostname="DESKTOP-8D6GBA0" failures="0" tests="1" name="testCases.phoneWrongTestCase" time="81.624" errors="0" timestamp="2021-07-02T20:08:42 IST" skipped="0">
  <testcase classname="testCases.phoneWrongTestCase" name="submitForm" time="81.624"/>
  <system-out/>
</testsuite> <!-- testCases.phoneWrongTestCase -->
