<?xml version="1.0" encoding="UTF-8"?>
<!-- Generated by org.testng.reporters.JUnitReportReporter -->
<testsuite hostname="DESKTOP-8D6GBA0" failures="0" tests="1" name="testCases.emailWrongTestCase" time="93.981" errors="0" timestamp="2021-07-02T20:08:42 IST" skipped="0">
  <testcase classname="testCases.emailWrongTestCase" name="submitForm" time="93.981"/>
  <system-out/>
</testsuite> <!-- testCases.emailWrongTestCase -->
